<?xml version="1.0" encoding="UTF-8"?>
<!-- Generated by org.testng.reporters.JUnitXMLReporter -->
<testsuite ignored="0" hostname="Aparna" failures="0" tests="5" name="Default test" time="34.75" errors="0" timestamp="2023-08-26T13:58:08 IST">
  <testcase classname="testCase.TC005_VerifySearchBox_TergetHomePage" name="verifySearchBoxPresenttOnPage" time="0.075"/>
  <testcase classname="testCase.TC005_VerifySearchBox_TergetHomePage" name="verifySearchBoxPresenttOnPage" time="0.062"/>
  <testcase classname="testCase.TC005_VerifySearchBox_TergetHomePage" name="verifySearchBoxPresenttOnPage" time="0.058"/>
  <testcase classname="testCase.TC005_VerifySearchBox_TergetHomePage" name="verifySearchBoxPresenttOnPage" time="0.088"/>
  <testcase classname="testCase.TC005_VerifySearchBox_TergetHomePage" name="verifySearchBoxPresenttOnPage" time="0.064"/>
</testsuite> <!-- Default test -->
