<?xml version="1.0" encoding="UTF-8"?>
<!-- Generated by org.testng.reporters.JUnitXMLReporter -->
<testsuite ignored="0" hostname="Aparna" failures="0" tests="5" name="Test" time="69.967" errors="0" timestamp="2023-08-26T13:23:14 IST">
  <testcase classname="testCase.TC005_VerifySearchBox_TergetHomePage" name="verifyClickOnSearchBox" time="0.152"/>
  <testcase classname="testCase.TC005_VerifySearchBox_TergetHomePage" name="verifySearchIcon" time="0.09"/>
  <testcase classname="testCase.TC005_VerifySearchBox_TergetHomePage" name="verifySearchBoxPresenttOnPage" time="0.059"/>
  <testcase classname="testCase.TC005_VerifySearchBox_TergetHomePage" name="verifyPlaceHolderTextInSearchBox" time="0.462"/>
  <testcase classname="testCase.TC005_VerifySearchBox_TergetHomePage" name="verifySearchBoxAcceptUserInput" time="0.212"/>
</testsuite> <!-- Test -->
