<?xml version="1.0" encoding="UTF-8"?>
<!-- Generated by org.testng.reporters.JUnitXMLReporter -->
<testsuite ignored="0" hostname="Aparna" failures="2" tests="5" name="Test" time="0.381" errors="0" timestamp="2024-01-14T21:26:45 IST">
  <testcase classname="ExtentReportPackage.ExtentReport" name="method1" time="0.008"/>
  <testcase classname="ExtentReportPackage.ExtentReport" name="method2" time="0.001"/>
  <testcase classname="ExtentReportPackage.ExtentReport" name="method3" time="0.001">
    <failure type="java.lang.AssertionError" message="expected [true] but found [false]">
      <![CDATA[java.lang.AssertionError: expected [true] but found [false]
at ExtentReportPackage.ExtentReport.method3(ExtentReport.java:22)
at java.base/java.util.ArrayList.forEach(ArrayList.java:1511)
... Removed 31 stack frames]]>
    </failure>
  </testcase> <!-- method3 -->
  <testcase classname="ExtentReportPackage.ExtentReport" name="method4" time="0.001">
    <failure type="java.lang.AssertionError" message="expected [true] but found [false]">
      <![CDATA[java.lang.AssertionError: expected [true] but found [false]
at ExtentReportPackage.ExtentReport.method4(ExtentReport.java:29)
at java.base/java.util.ArrayList.forEach(ArrayList.java:1511)
... Removed 31 stack frames]]>
    </failure>
  </testcase> <!-- method4 -->
  <testcase classname="ExtentReportPackage.ExtentReport" name="method5" time="0.0">
    <skipped/>
  </testcase> <!-- method5 -->
</testsuite> <!-- Test -->
