<?xml version="1.0" encoding="UTF-8"?>
<testng-results ignored="0" total="5" passed="5" failed="0" skipped="0">
  <reporter-output>
  </reporter-output>
  <suite started-at="2023-08-26T13:57:33 IST" name="Default suite" finished-at="2023-08-26T13:58:08 IST" duration-ms="34750">
    <groups>
    </groups>
    <test started-at="2023-08-26T13:57:33 IST" name="Default test" finished-at="2023-08-26T13:58:08 IST" duration-ms="34750">
      <class name="testCase.TC005_VerifySearchBox_TergetHomePage">
        <test-method is-config="true" signature="setUp()[pri:0, instance:testCase.TC005_VerifySearchBox_TergetHomePage@5fbdfdcf]" started-at="2023-08-26T13:57:33 IST" name="setUp" finished-at="2023-08-26T13:57:42 IST" duration-ms="9160" status="PASS">
          <reporter-output>
          </reporter-output>
        </test-method> <!-- setUp -->
        <test-method signature="verifySearchBoxPresenttOnPage()[pri:0, instance:testCase.TC005_VerifySearchBox_TergetHomePage@5fbdfdcf]" started-at="2023-08-26T13:57:42 IST" name="verifySearchBoxPresenttOnPage" finished-at="2023-08-26T13:57:42 IST" duration-ms="75" status="PASS">
          <reporter-output>
          </reporter-output>
        </test-method> <!-- verifySearchBoxPresenttOnPage -->
        <test-method is-config="true" signature="tearDown()[pri:0, instance:testCase.TC005_VerifySearchBox_TergetHomePage@5fbdfdcf]" started-at="2023-08-26T13:57:42 IST" name="tearDown" finished-at="2023-08-26T13:57:43 IST" duration-ms="184" status="PASS">
          <reporter-output>
          </reporter-output>
        </test-method> <!-- tearDown -->
        <test-method is-config="true" signature="setUp()[pri:0, instance:testCase.TC005_VerifySearchBox_TergetHomePage@5fbdfdcf]" started-at="2023-08-26T13:57:43 IST" name="setUp" finished-at="2023-08-26T13:57:49 IST" duration-ms="6746" status="PASS">
          <reporter-output>
          </reporter-output>
        </test-method> <!-- setUp -->
        <test-method signature="verifySearchBoxPresenttOnPage()[pri:0, instance:testCase.TC005_VerifySearchBox_TergetHomePage@5fbdfdcf]" started-at="2023-08-26T13:57:49 IST" name="verifySearchBoxPresenttOnPage" finished-at="2023-08-26T13:57:49 IST" duration-ms="62" status="PASS">
          <reporter-output>
          </reporter-output>
        </test-method> <!-- verifySearchBoxPresenttOnPage -->
        <test-method is-config="true" signature="tearDown()[pri:0, instance:testCase.TC005_VerifySearchBox_TergetHomePage@5fbdfdcf]" started-at="2023-08-26T13:57:49 IST" name="tearDown" finished-at="2023-08-26T13:57:49 IST" duration-ms="135" status="PASS">
          <reporter-output>
          </reporter-output>
        </test-method> <!-- tearDown -->
        <test-method is-config="true" signature="setUp()[pri:0, instance:testCase.TC005_VerifySearchBox_TergetHomePage@5fbdfdcf]" started-at="2023-08-26T13:57:49 IST" name="setUp" finished-at="2023-08-26T13:57:56 IST" duration-ms="6013" status="PASS">
          <reporter-output>
          </reporter-output>
        </test-method> <!-- setUp -->
        <test-method signature="verifySearchBoxPresenttOnPage()[pri:0, instance:testCase.TC005_VerifySearchBox_TergetHomePage@5fbdfdcf]" started-at="2023-08-26T13:57:56 IST" name="verifySearchBoxPresenttOnPage" finished-at="2023-08-26T13:57:56 IST" duration-ms="58" status="PASS">
          <reporter-output>
          </reporter-output>
        </test-method> <!-- verifySearchBoxPresenttOnPage -->
        <test-method is-config="true" signature="tearDown()[pri:0, instance:testCase.TC005_VerifySearchBox_TergetHomePage@5fbdfdcf]" started-at="2023-08-26T13:57:56 IST" name="tearDown" finished-at="2023-08-26T13:57:56 IST" duration-ms="125" status="PASS">
          <reporter-output>
          </reporter-output>
        </test-method> <!-- tearDown -->
        <test-method is-config="true" signature="setUp()[pri:0, instance:testCase.TC005_VerifySearchBox_TergetHomePage@5fbdfdcf]" started-at="2023-08-26T13:57:56 IST" name="setUp" finished-at="2023-08-26T13:58:02 IST" duration-ms="5980" status="PASS">
          <reporter-output>
          </reporter-output>
        </test-method> <!-- setUp -->
        <test-method signature="verifySearchBoxPresenttOnPage()[pri:0, instance:testCase.TC005_VerifySearchBox_TergetHomePage@5fbdfdcf]" started-at="2023-08-26T13:58:02 IST" name="verifySearchBoxPresenttOnPage" finished-at="2023-08-26T13:58:02 IST" duration-ms="88" status="PASS">
          <reporter-output>
          </reporter-output>
        </test-method> <!-- verifySearchBoxPresenttOnPage -->
        <test-method is-config="true" signature="tearDown()[pri:0, instance:testCase.TC005_VerifySearchBox_TergetHomePage@5fbdfdcf]" started-at="2023-08-26T13:58:02 IST" name="tearDown" finished-at="2023-08-26T13:58:02 IST" duration-ms="128" status="PASS">
          <reporter-output>
          </reporter-output>
        </test-method> <!-- tearDown -->
        <test-method is-config="true" signature="setUp()[pri:0, instance:testCase.TC005_VerifySearchBox_TergetHomePage@5fbdfdcf]" started-at="2023-08-26T13:58:02 IST" name="setUp" finished-at="2023-08-26T13:58:08 IST" duration-ms="5782" status="PASS">
          <reporter-output>
          </reporter-output>
        </test-method> <!-- setUp -->
        <test-method signature="verifySearchBoxPresenttOnPage()[pri:0, instance:testCase.TC005_VerifySearchBox_TergetHomePage@5fbdfdcf]" started-at="2023-08-26T13:58:08 IST" name="verifySearchBoxPresenttOnPage" finished-at="2023-08-26T13:58:08 IST" duration-ms="64" status="PASS">
          <reporter-output>
          </reporter-output>
        </test-method> <!-- verifySearchBoxPresenttOnPage -->
        <test-method is-config="true" signature="tearDown()[pri:0, instance:testCase.TC005_VerifySearchBox_TergetHomePage@5fbdfdcf]" started-at="2023-08-26T13:58:08 IST" name="tearDown" finished-at="2023-08-26T13:58:08 IST" duration-ms="118" status="PASS">
          <reporter-output>
          </reporter-output>
        </test-method> <!-- tearDown -->
      </class> <!-- testCase.TC005_VerifySearchBox_TergetHomePage -->
    </test> <!-- Default test -->
  </suite> <!-- Default suite -->
</testng-results>
