<?xml version="1.0" encoding="UTF-8"?>
<testng-results ignored="0" total="3" passed="3" failed="0" skipped="0">
  <reporter-output>
  </reporter-output>
  <suite started-at="2024-01-14T23:18:03 IST" name="Suite" finished-at="2024-01-14T23:18:54 IST" duration-ms="50681">
    <groups>
    </groups>
    <test started-at="2024-01-14T23:18:03 IST" name="ChromeBrowserTest" finished-at="2024-01-14T23:18:16 IST" duration-ms="12574">
      <class name="CncWebWorld.CrossBrowser">
        <test-method is-config="true" signature="setUp(java.lang.String)[pri:0, instance:CncWebWorld.CrossBrowser@2805d709]" started-at="2024-01-14T23:18:03 IST" name="setUp" finished-at="2024-01-14T23:18:06 IST" duration-ms="3006" status="PASS">
          <params>
            <param index="0">
              <value>
                <![CDATA[chrome]]>
              </value>
            </param>
          </params>
          <reporter-output>
          </reporter-output>
        </test-method> <!-- setUp -->
        <test-method signature="test1()[pri:0, instance:CncWebWorld.CrossBrowser@2805d709]" started-at="2024-01-14T23:18:06 IST" name="test1" finished-at="2024-01-14T23:18:15 IST" duration-ms="9287" status="PASS">
          <reporter-output>
          </reporter-output>
        </test-method> <!-- test1 -->
        <test-method is-config="true" signature="tearDown()[pri:0, instance:CncWebWorld.CrossBrowser@2805d709]" started-at="2024-01-14T23:18:15 IST" name="tearDown" finished-at="2024-01-14T23:18:16 IST" duration-ms="250" status="PASS">
          <reporter-output>
          </reporter-output>
        </test-method> <!-- tearDown -->
      </class> <!-- CncWebWorld.CrossBrowser -->
    </test> <!-- ChromeBrowserTest -->
    <test started-at="2024-01-14T23:18:16 IST" name="EdgeBrowserTest" finished-at="2024-01-14T23:18:40 IST" duration-ms="24564">
      <class name="CncWebWorld.CrossBrowser">
        <test-method is-config="true" signature="setUp(java.lang.String)[pri:0, instance:CncWebWorld.CrossBrowser@3f6f6701]" started-at="2024-01-14T23:18:16 IST" name="setUp" finished-at="2024-01-14T23:18:17 IST" duration-ms="1509" status="PASS">
          <params>
            <param index="0">
              <value>
                <![CDATA[edge]]>
              </value>
            </param>
          </params>
          <reporter-output>
          </reporter-output>
        </test-method> <!-- setUp -->
        <test-method signature="test1()[pri:0, instance:CncWebWorld.CrossBrowser@3f6f6701]" started-at="2024-01-14T23:18:17 IST" name="test1" finished-at="2024-01-14T23:18:40 IST" duration-ms="22804" status="PASS">
          <reporter-output>
          </reporter-output>
        </test-method> <!-- test1 -->
        <test-method is-config="true" signature="tearDown()[pri:0, instance:CncWebWorld.CrossBrowser@3f6f6701]" started-at="2024-01-14T23:18:40 IST" name="tearDown" finished-at="2024-01-14T23:18:40 IST" duration-ms="247" status="PASS">
          <reporter-output>
          </reporter-output>
        </test-method> <!-- tearDown -->
      </class> <!-- CncWebWorld.CrossBrowser -->
    </test> <!-- EdgeBrowserTest -->
    <test started-at="2024-01-14T23:18:40 IST" name="FireFoxBrowserTest" finished-at="2024-01-14T23:18:54 IST" duration-ms="13460">
      <class name="CncWebWorld.CrossBrowser">
        <test-method is-config="true" signature="setUp(java.lang.String)[pri:0, instance:CncWebWorld.CrossBrowser@534a5a98]" started-at="2024-01-14T23:18:40 IST" name="setUp" finished-at="2024-01-14T23:18:45 IST" duration-ms="5022" status="PASS">
          <params>
            <param index="0">
              <value>
                <![CDATA[firefox]]>
              </value>
            </param>
          </params>
          <reporter-output>
          </reporter-output>
        </test-method> <!-- setUp -->
        <test-method signature="test1()[pri:0, instance:CncWebWorld.CrossBrowser@534a5a98]" started-at="2024-01-14T23:18:45 IST" name="test1" finished-at="2024-01-14T23:18:52 IST" duration-ms="7021" status="PASS">
          <reporter-output>
          </reporter-output>
        </test-method> <!-- test1 -->
        <test-method is-config="true" signature="tearDown()[pri:0, instance:CncWebWorld.CrossBrowser@534a5a98]" started-at="2024-01-14T23:18:52 IST" name="tearDown" finished-at="2024-01-14T23:18:54 IST" duration-ms="1413" status="PASS">
          <reporter-output>
          </reporter-output>
        </test-method> <!-- tearDown -->
      </class> <!-- CncWebWorld.CrossBrowser -->
    </test> <!-- FireFoxBrowserTest -->
  </suite> <!-- Suite -->
</testng-results>
